# JRE version: OpenJDK Runtime Environment (11.0.12+7) (build 11.0.12+7-b1504.28-7817840)
# Java VM: OpenJDK 64-Bit Server VM (11.0.12+7-b1504.28-7817840, mixed mode, tiered, compressed oops, g1 gc, windows-amd64)
Heap:
 garbage-first heap   total 368640K, used 186386K [0x0000000080000000, 0x0000000100000000)
  region size 1024K, 7 young (7168K), 6 survivors (6144K)
 Metaspace       used 163666K, capacity 168170K, committed 168396K, reserved 1196032K
  class space    used 19727K, capacity 21381K, committed 21452K, reserved 1048576K
GC Heap History (20 events):
Event: 2011.213 GC heap before
{Heap before GC invocations=198 (full 0):
 garbage-first heap   total 368640K, used 288256K [0x0000000080000000, 0x0000000100000000)
  region size 1024K, 86 young (88064K), 2 survivors (2048K)
 Metaspace       used 163149K, capacity 167514K, committed 167884K, reserved 1196032K
  class space    used 19647K, capacity 21272K, committed 21452K, reserved 1048576K
}
Event: 2011.250 GC heap after
{Heap after GC invocations=199 (full 0):
 garbage-first heap   total 368640K, used 206460K [0x0000000080000000, 0x0000000100000000)
  region size 1024K, 6 young (6144K), 6 survivors (6144K)
 Metaspace       used 163149K, capacity 167514K, committed 167884K, reserved 1196032K
  class space    used 19647K, capacity 21272K, committed 21452K, reserved 1048576K
}
Event: 2015.780 GC heap before
{Heap before GC invocations=200 (full 0):
 garbage-first heap   total 368640K, used 290428K [0x0000000080000000, 0x0000000100000000)
  region size 1024K, 92 young (94208K), 6 survivors (6144K)
 Metaspace       used 163165K, capacity 167588K, committed 167884K, reserved 1196032K
  class space    used 19649K, capacity 21275K, committed 21452K, reserved 1048576K
}
Event: 2015.817 GC heap after
{Heap after GC invocations=201 (full 0):
 garbage-first heap   total 368640K, used 204262K [0x0000000080000000, 0x0000000100000000)
  region size 1024K, 8 young (8192K), 8 survivors (8192K)
 Metaspace       used 163165K, capacity 167588K, committed 167884K, reserved 1196032K
  class space    used 19649K, capacity 21275K, committed 21452K, reserved 1048576K
}
Event: 2016.118 GC heap before
{Heap before GC invocations=201 (full 0):
 garbage-first heap   total 368640K, used 214502K [0x0000000080000000, 0x0000000100000000)
  region size 1024K, 18 young (18432K), 8 survivors (8192K)
 Metaspace       used 163165K, capacity 167588K, committed 167884K, reserved 1196032K
  class space    used 19649K, capacity 21275K, committed 21452K, reserved 1048576K
}
Event: 2016.162 GC heap after
{Heap after GC invocations=202 (full 0):
 garbage-first heap   total 368640K, used 182821K [0x0000000080000000, 0x0000000100000000)
  region size 1024K, 1 young (1024K), 1 survivors (1024K)
 Metaspace       used 163165K, capacity 167588K, committed 167884K, reserved 1196032K
  class space    used 19649K, capacity 21275K, committed 21452K, reserved 1048576K
}
Event: 2019.833 GC heap before
{Heap before GC invocations=202 (full 0):
 garbage-first heap   total 368640K, used 291365K [0x0000000080000000, 0x0000000100000000)
  region size 1024K, 107 young (109568K), 1 survivors (1024K)
 Metaspace       used 163173K, capacity 167588K, committed 167884K, reserved 1196032K
  class space    used 19649K, capacity 21275K, committed 21452K, reserved 1048576K
}
Event: 2019.855 GC heap after
{Heap after GC invocations=203 (full 0):
 garbage-first heap   total 368640K, used 183687K [0x0000000080000000, 0x0000000100000000)
  region size 1024K, 2 young (2048K), 2 survivors (2048K)
 Metaspace       used 163173K, capacity 167588K, committed 167884K, reserved 1196032K
  class space    used 19649K, capacity 21275K, committed 21452K, reserved 1048576K
}
Event: 2023.358 GC heap before
{Heap before GC invocations=203 (full 0):
 garbage-first heap   total 368640K, used 296327K [0x0000000080000000, 0x0000000100000000)
  region size 1024K, 112 young (114688K), 2 survivors (2048K)
 Metaspace       used 163235K, capacity 167657K, committed 168140K, reserved 1196032K
  class space    used 19649K, capacity 21275K, committed 21452K, reserved 1048576K
}
Event: 2023.376 GC heap after
{Heap after GC invocations=204 (full 0):
 garbage-first heap   total 368640K, used 184815K [0x0000000080000000, 0x0000000100000000)
  region size 1024K, 3 young (3072K), 3 survivors (3072K)
 Metaspace       used 163235K, capacity 167657K, committed 168140K, reserved 1196032K
  class space    used 19649K, capacity 21275K, committed 21452K, reserved 1048576K
}
Event: 2028.155 GC heap before
{Heap before GC invocations=204 (full 0):
 garbage-first heap   total 368640K, used 300527K [0x0000000080000000, 0x0000000100000000)
  region size 1024K, 116 young (118784K), 3 survivors (3072K)
 Metaspace       used 163251K, capacity 167657K, committed 168140K, reserved 1196032K
  class space    used 19649K, capacity 21275K, committed 21452K, reserved 1048576K
}
Event: 2028.175 GC heap after
{Heap after GC invocations=205 (full 0):
 garbage-first heap   total 368640K, used 185843K [0x0000000080000000, 0x0000000100000000)
  region size 1024K, 4 young (4096K), 4 survivors (4096K)
 Metaspace       used 163251K, capacity 167657K, committed 168140K, reserved 1196032K
  class space    used 19649K, capacity 21275K, committed 21452K, reserved 1048576K
}
Event: 2035.937 GC heap before
{Heap before GC invocations=206 (full 0):
 garbage-first heap   total 368640K, used 302579K [0x0000000080000000, 0x0000000100000000)
  region size 1024K, 119 young (121856K), 4 survivors (4096K)
 Metaspace       used 163324K, capacity 167745K, committed 168140K, reserved 1196032K
  class space    used 19663K, capacity 21284K, committed 21452K, reserved 1048576K
}
Event: 2035.968 GC heap after
{Heap after GC invocations=207 (full 0):
 garbage-first heap   total 368640K, used 185893K [0x0000000080000000, 0x0000000100000000)
  region size 1024K, 5 young (5120K), 5 survivors (5120K)
 Metaspace       used 163324K, capacity 167745K, committed 168140K, reserved 1196032K
  class space    used 19663K, capacity 21284K, committed 21452K, reserved 1048576K
}
Event: 2036.400 GC heap before
{Heap before GC invocations=207 (full 0):
 garbage-first heap   total 368640K, used 199205K [0x0000000080000000, 0x0000000100000000)
  region size 1024K, 18 young (18432K), 5 survivors (5120K)
 Metaspace       used 163324K, capacity 167745K, committed 168140K, reserved 1196032K
  class space    used 19663K, capacity 21284K, committed 21452K, reserved 1048576K
}
Event: 2036.426 GC heap after
{Heap after GC invocations=208 (full 0):
 garbage-first heap   total 368640K, used 180116K [0x0000000080000000, 0x0000000100000000)
  region size 1024K, 2 young (2048K), 2 survivors (2048K)
 Metaspace       used 163324K, capacity 167745K, committed 168140K, reserved 1196032K
  class space    used 19663K, capacity 21284K, committed 21452K, reserved 1048576K
}
Event: 2040.321 GC heap before
{Heap before GC invocations=208 (full 0):
 garbage-first heap   total 368640K, used 299924K [0x0000000080000000, 0x0000000100000000)
  region size 1024K, 119 young (121856K), 2 survivors (2048K)
 Metaspace       used 163330K, capacity 167745K, committed 168140K, reserved 1196032K
  class space    used 19663K, capacity 21284K, committed 21452K, reserved 1048576K
}
Event: 2040.339 GC heap after
{Heap after GC invocations=209 (full 0):
 garbage-first heap   total 368640K, used 180632K [0x0000000080000000, 0x0000000100000000)
  region size 1024K, 3 young (3072K), 3 survivors (3072K)
 Metaspace       used 163330K, capacity 167745K, committed 168140K, reserved 1196032K
  class space    used 19663K, capacity 21284K, committed 21452K, reserved 1048576K
}
Event: 2044.230 GC heap before
{Heap before GC invocations=209 (full 0):
 garbage-first heap   total 368640K, used 274840K [0x0000000080000000, 0x0000000100000000)
  region size 1024K, 96 young (98304K), 3 survivors (3072K)
 Metaspace       used 163666K, capacity 168170K, committed 168396K, reserved 1196032K
  class space    used 19727K, capacity 21381K, committed 21452K, reserved 1048576K
}
Event: 2044.256 GC heap after
{Heap after GC invocations=210 (full 0):
 garbage-first heap   total 368640K, used 184338K [0x0000000080000000, 0x0000000100000000)
  region size 1024K, 6 young (6144K), 6 survivors (6144K)
 Metaspace       used 163666K, capacity 168170K, committed 168396K, reserved 1196032K
  class space    used 19727K, capacity 21381K, committed 21452K, reserved 1048576K
}

